<?xml version="1.0" encoding="UTF-8"?>
<testng-results ignored="0" total="0" passed="0" failed="0" skipped="0">
  <reporter-output>
  </reporter-output>
  <suite started-at="2022-02-18T15:02:58 EST" name="trial1.runTest" finished-at="2022-02-18T15:02:58 EST" duration-ms="17">
    <groups>
    </groups>
    <test started-at="2022-02-18T15:02:58 EST" name="Command line test" finished-at="2022-02-18T15:02:58 EST" duration-ms="17">
    </test> <!-- Command line test -->
  </suite> <!-- trial1.runTest -->
</testng-results>
